  MOMOManager.cpp
c1xx : warning C4199: two-phase name lookup is not supported for C++/CLI, C++/CX, or OpenMP; use /Zc:twoPhase-
  The use of BOOST_*_ENDIAN and BOOST_BYTE_ORDER is deprecated. Please include <boost/predef/other/endian.h> and use BOOST_ENDIAN_*_BYTE instead
c:\program files\pcl 1.9.1\include\pcl-1.9\pcl\visualization\point_picking_event.h(53): warning C4275: non dll-interface class 'vtkCommand' used as base for dll-interface class 'pcl::visualization::PointPickingCallback'
  c:\program files\pcl 1.9.1\3rdparty\vtk\include\vtk-8.1\vtkcommand.h(360): note: see declaration of 'vtkCommand'
  c:\program files\pcl 1.9.1\include\pcl-1.9\pcl\visualization\point_picking_event.h(52): note: see declaration of 'pcl::visualization::PointPickingCallback'
c:\program files\pcl 1.9.1\include\pcl-1.9\pcl\visualization\interactor_style.h(109): warning C4275: non dll-interface class 'vtkInteractorStyleRubberBandPick' used as base for dll-interface class 'pcl::visualization::PCLVisualizerInteractorStyle'
  c:\program files\pcl 1.9.1\3rdparty\vtk\include\vtk-8.1\vtkinteractorstylerubberbandpick.h(40): note: see declaration of 'vtkInteractorStyleRubberBandPick'
  c:\program files\pcl 1.9.1\include\pcl-1.9\pcl\visualization\interactor_style.h(108): note: see declaration of 'pcl::visualization::PCLVisualizerInteractorStyle'
c:\program files\pcl 1.9.1\include\pcl-1.9\pcl\visualization\pcl_visualizer.h(2015): warning C4275: non dll-interface class 'vtkCommand' used as base for dll-interface struct 'pcl::visualization::PCLVisualizer::ExitMainLoopTimerCallback'
  c:\program files\pcl 1.9.1\3rdparty\vtk\include\vtk-8.1\vtkcommand.h(360): note: see declaration of 'vtkCommand'
  c:\program files\pcl 1.9.1\include\pcl-1.9\pcl\visualization\pcl_visualizer.h(2014): note: see declaration of 'pcl::visualization::PCLVisualizer::ExitMainLoopTimerCallback'
c:\program files\pcl 1.9.1\include\pcl-1.9\pcl\visualization\pcl_visualizer.h(2028): warning C4275: non dll-interface class 'vtkCommand' used as base for dll-interface struct 'pcl::visualization::PCLVisualizer::ExitCallback'
  c:\program files\pcl 1.9.1\3rdparty\vtk\include\vtk-8.1\vtkcommand.h(360): note: see declaration of 'vtkCommand'
  c:\program files\pcl 1.9.1\include\pcl-1.9\pcl\visualization\pcl_visualizer.h(2027): note: see declaration of 'pcl::visualization::PCLVisualizer::ExitCallback'
c:\program files\pcl 1.9.1\include\pcl-1.9\pcl\visualization\pcl_visualizer.h(2041): warning C4275: non dll-interface class 'vtkCommand' used as base for dll-interface struct 'pcl::visualization::PCLVisualizer::FPSCallback'
  c:\program files\pcl 1.9.1\3rdparty\vtk\include\vtk-8.1\vtkcommand.h(360): note: see declaration of 'vtkCommand'
  c:\program files\pcl 1.9.1\include\pcl-1.9\pcl\visualization\pcl_visualizer.h(2040): note: see declaration of 'pcl::visualization::PCLVisualizer::FPSCallback'
c:\program files\pcl 1.9.1\3rdparty\boost\boost_1_70_0\boost\bind\mem_fn.hpp(318): warning C4180: qualifier applied to function type has no meaning; ignored
  c:\program files\pcl 1.9.1\3rdparty\boost\boost_1_70_0\boost\bind\bind.hpp(1279): note: see reference to class template instantiation 'boost::_mfi::dm<void (const boost::shared_ptr<const pcl::PointCloud<pcl::PointXYZ>> &),MOMO::MOMOManager>' being compiled
  c:\users\arvind\desktop\projects\momoplugin\momoplugin\momomanager.cpp(119): note: see reference to class template instantiation 'boost::_bi::bind_t<void (__cdecl &)(const boost::shared_ptr<const pcl::PointCloud<pcl::PointXYZ>> &),boost::_mfi::dm<void (const boost::shared_ptr<const pcl::PointCloud<pcl::PointXYZ>> &),MOMO::MOMOManager>,boost::_bi::list1<boost::_bi::value<T>>>' being compiled
          with
          [
              T=MOMO::MOMOManager *
          ]
  c:\program files\pcl 1.9.1\3rdparty\boost\boost_1_70_0\boost\bind\placeholders.hpp(54): note: see reference to class template instantiation 'boost::arg<9>' being compiled
  c:\program files\pcl 1.9.1\3rdparty\boost\boost_1_70_0\boost\bind\placeholders.hpp(53): note: see reference to class template instantiation 'boost::arg<8>' being compiled
  c:\program files\pcl 1.9.1\3rdparty\boost\boost_1_70_0\boost\bind\placeholders.hpp(52): note: see reference to class template instantiation 'boost::arg<7>' being compiled
  c:\program files\pcl 1.9.1\3rdparty\boost\boost_1_70_0\boost\bind\placeholders.hpp(51): note: see reference to class template instantiation 'boost::arg<6>' being compiled
  c:\program files\pcl 1.9.1\3rdparty\boost\boost_1_70_0\boost\bind\placeholders.hpp(50): note: see reference to class template instantiation 'boost::arg<5>' being compiled
  c:\program files\pcl 1.9.1\3rdparty\boost\boost_1_70_0\boost\bind\placeholders.hpp(49): note: see reference to class template instantiation 'boost::arg<4>' being compiled
  c:\program files\pcl 1.9.1\3rdparty\boost\boost_1_70_0\boost\bind\placeholders.hpp(48): note: see reference to class template instantiation 'boost::arg<3>' being compiled
  c:\program files\pcl 1.9.1\3rdparty\boost\boost_1_70_0\boost\bind\placeholders.hpp(47): note: see reference to class template instantiation 'boost::arg<2>' being compiled
  c:\program files\pcl 1.9.1\3rdparty\boost\boost_1_70_0\boost\bind\placeholders.hpp(46): note: see reference to class template instantiation 'boost::arg<1>' being compiled
c:\program files\pcl 1.9.1\3rdparty\boost\boost_1_70_0\boost\bind\mem_fn.hpp(326): warning C4180: qualifier applied to function type has no meaning; ignored
c:\program files\pcl 1.9.1\3rdparty\boost\boost_1_70_0\boost\bind\mem_fn.hpp(331): warning C4180: qualifier applied to function type has no meaning; ignored
c:\program files\pcl 1.9.1\3rdparty\boost\boost_1_70_0\boost\bind\mem_fn.hpp(345): warning C4180: qualifier applied to function type has no meaning; ignored
c:\program files\pcl 1.9.1\3rdparty\boost\boost_1_70_0\boost\bind\mem_fn.hpp(350): warning C4180: qualifier applied to function type has no meaning; ignored
c:\program files\pcl 1.9.1\3rdparty\boost\boost_1_70_0\boost\bind\mem_fn.hpp(362): warning C4180: qualifier applied to function type has no meaning; ignored
c:\program files\pcl 1.9.1\3rdparty\boost\boost_1_70_0\boost\bind\mem_fn.hpp(342): error C2440: 'return': cannot convert from 'R' to 'R (__cdecl &)'
          with
          [
              R=void (const boost::shared_ptr<const pcl::PointCloud<pcl::PointXYZ>> &)
          ]
  c:\program files\pcl 1.9.1\3rdparty\boost\boost_1_70_0\boost\bind\mem_fn.hpp(341): note: while compiling class template member function 'R (__cdecl &boost::_mfi::dm<R,MOMO::MOMOManager>::operator ()(T *) const)'
          with
          [
              R=void (const boost::shared_ptr<const pcl::PointCloud<pcl::PointXYZ>> &),
              T=MOMO::MOMOManager
          ]
  c:\program files\pcl 1.9.1\3rdparty\boost\boost_1_70_0\boost\bind\bind.hpp(249): note: see reference to function template instantiation 'R (__cdecl &boost::_mfi::dm<R,MOMO::MOMOManager>::operator ()(T *) const)' being compiled
          with
          [
              R=void (const boost::shared_ptr<const pcl::PointCloud<pcl::PointXYZ>> &),
              T=MOMO::MOMOManager
          ]
  c:\program files\pcl 1.9.1\3rdparty\boost\boost_1_70_0\boost\bind\bind.hpp(1279): note: see reference to class template instantiation 'boost::_mfi::dm<void (const boost::shared_ptr<const pcl::PointCloud<pcl::PointXYZ>> &),MOMO::MOMOManager>' being compiled
  c:\users\arvind\desktop\projects\momoplugin\momoplugin\momomanager.cpp(119): note: see reference to class template instantiation 'boost::_bi::bind_t<void (__cdecl &)(const boost::shared_ptr<const pcl::PointCloud<pcl::PointXYZ>> &),boost::_mfi::dm<void (const boost::shared_ptr<const pcl::PointCloud<pcl::PointXYZ>> &),MOMO::MOMOManager>,boost::_bi::list1<boost::_bi::value<T>>>' being compiled
          with
          [
              T=MOMO::MOMOManager *
          ]
