c:\users\arvind\desktop\projects\momoplugin\momoplugin\x64\debug\vc141.pdb
c:\users\arvind\desktop\projects\momoplugin\momoplugin\x64\debug\vc141.idb
c:\users\arvind\desktop\projects\momoplugin\momoplugin\x64\debug\timercbmanager.obj
c:\users\arvind\desktop\projects\momoplugin\momoplugin\x64\debug\state_stability.obj
c:\users\arvind\desktop\projects\momoplugin\momoplugin\x64\debug\stabilitycheckservice.obj
c:\users\arvind\desktop\projects\momoplugin\momoplugin\x64\debug\statemachine.obj
c:\users\arvind\desktop\projects\momoplugin\momoplugin\x64\debug\momomanager.obj
c:\users\arvind\desktop\projects\momoplugin\momoplugin\x64\debug\main.obj
c:\users\arvind\desktop\projects\momoplugin\momoplugin\x64\debug\state_wall_identification.obj
c:\users\arvind\desktop\projects\momoplugin\momoplugin\x64\debug\calibrationservice.obj
c:\users\arvind\desktop\projects\momoplugin\bin\x64-debug\momoplugin.exe
c:\users\arvind\desktop\projects\momoplugin\bin\x64-debug\momoplugin.ilk
c:\users\arvind\desktop\projects\momoplugin\bin\x64-debug\momoplugin.pdb
c:\users\arvind\desktop\projects\momoplugin\bin\x64-debug\momoplugin.lib
c:\users\arvind\desktop\projects\momoplugin\bin\x64-debug\momoplugin.exp
c:\users\arvind\desktop\projects\momoplugin\momoplugin\x64\debug\momoplugin.tlog\cl.command.1.tlog
c:\users\arvind\desktop\projects\momoplugin\momoplugin\x64\debug\momoplugin.tlog\cl.read.1.tlog
c:\users\arvind\desktop\projects\momoplugin\momoplugin\x64\debug\momoplugin.tlog\cl.write.1.tlog
c:\users\arvind\desktop\projects\momoplugin\momoplugin\x64\debug\momoplugin.tlog\link.11460.delete.1.tlog
c:\users\arvind\desktop\projects\momoplugin\momoplugin\x64\debug\momoplugin.tlog\link.11912.delete.1.tlog
c:\users\arvind\desktop\projects\momoplugin\momoplugin\x64\debug\momoplugin.tlog\link.12868.delete.1.tlog
c:\users\arvind\desktop\projects\momoplugin\momoplugin\x64\debug\momoplugin.tlog\link.13548.delete.1.tlog
c:\users\arvind\desktop\projects\momoplugin\momoplugin\x64\debug\momoplugin.tlog\link.15180.delete.1.tlog
c:\users\arvind\desktop\projects\momoplugin\momoplugin\x64\debug\momoplugin.tlog\link.18096.delete.1.tlog
c:\users\arvind\desktop\projects\momoplugin\momoplugin\x64\debug\momoplugin.tlog\link.3472.delete.1.tlog
c:\users\arvind\desktop\projects\momoplugin\momoplugin\x64\debug\momoplugin.tlog\link.3576.delete.1.tlog
c:\users\arvind\desktop\projects\momoplugin\momoplugin\x64\debug\momoplugin.tlog\link.4212.delete.1.tlog
c:\users\arvind\desktop\projects\momoplugin\momoplugin\x64\debug\momoplugin.tlog\link.command.1.tlog
c:\users\arvind\desktop\projects\momoplugin\momoplugin\x64\debug\momoplugin.tlog\link.read.1.tlog
c:\users\arvind\desktop\projects\momoplugin\momoplugin\x64\debug\momoplugin.tlog\link.write.1.tlog
c:\users\arvind\desktop\projects\momoplugin\momoplugin\x64\debug\momoplugin.tlog\momoplugin.write.1u.tlog
