c:\users\arvind\desktop\projects\momoplugin\bin\intermediate\x64-release\xnlib\xnwin32ini.obj
c:\users\arvind\desktop\projects\momoplugin\bin\intermediate\x64-release\xnlib\xnwin32network.obj
c:\users\arvind\desktop\projects\momoplugin\bin\intermediate\x64-release\xnlib\xnwin32threads.obj
c:\users\arvind\desktop\projects\momoplugin\bin\intermediate\x64-release\xnlib\xnprofiling.obj
c:\users\arvind\desktop\projects\momoplugin\bin\intermediate\x64-release\xnlib\xnlib.obj
c:\users\arvind\desktop\projects\momoplugin\bin\intermediate\x64-release\xnlib\xnwin32processes.obj
c:\users\arvind\desktop\projects\momoplugin\bin\intermediate\x64-release\xnlib\xnwin32strings.obj
c:\users\arvind\desktop\projects\momoplugin\bin\intermediate\x64-release\xnlib\xnscheduler.obj
c:\users\arvind\desktop\projects\momoplugin\bin\intermediate\x64-release\xnlib\xnwin32files.obj
c:\users\arvind\desktop\projects\momoplugin\bin\intermediate\x64-release\xnlib\xnwin32semaphore.obj
c:\users\arvind\desktop\projects\momoplugin\bin\intermediate\x64-release\xnlib\xndump.obj
c:\users\arvind\desktop\projects\momoplugin\bin\intermediate\x64-release\xnlib\xnstatus.obj
c:\users\arvind\desktop\projects\momoplugin\bin\intermediate\x64-release\xnlib\xnwin32events.obj
c:\users\arvind\desktop\projects\momoplugin\bin\intermediate\x64-release\xnlib\xnwin32memory.obj
c:\users\arvind\desktop\projects\momoplugin\bin\intermediate\x64-release\xnlib\xnwin32sharedmemory.obj
c:\users\arvind\desktop\projects\momoplugin\bin\intermediate\x64-release\xnlib\xnlog.obj
c:\users\arvind\desktop\projects\momoplugin\bin\intermediate\x64-release\xnlib\xnstrings.obj
c:\users\arvind\desktop\projects\momoplugin\bin\intermediate\x64-release\xnlib\xnwin32criticalsection.obj
c:\users\arvind\desktop\projects\momoplugin\bin\intermediate\x64-release\xnlib\xnwin32mutex.obj
c:\users\arvind\desktop\projects\momoplugin\bin\intermediate\x64-release\xnlib\xnwin32time.obj
c:\users\arvind\desktop\projects\momoplugin\bin\intermediate\x64-release\xnlib\xnlogconsolewriter.obj
c:\users\arvind\desktop\projects\momoplugin\bin\intermediate\x64-release\xnlib\xnusb.obj
c:\users\arvind\desktop\projects\momoplugin\bin\intermediate\x64-release\xnlib\xnerrorlogger.obj
c:\users\arvind\desktop\projects\momoplugin\bin\intermediate\x64-release\xnlib\xnwin32os.obj
c:\users\arvind\desktop\projects\momoplugin\bin\intermediate\x64-release\xnlib\xnfiles.obj
c:\users\arvind\desktop\projects\momoplugin\bin\intermediate\x64-release\xnlib\xnos.obj
c:\users\arvind\desktop\projects\momoplugin\bin\intermediate\x64-release\xnlib\xnsytmmetricmatrix3x3.obj
c:\users\arvind\desktop\projects\momoplugin\bin\intermediate\x64-release\xnlib\xnusbwin32.obj
c:\users\arvind\desktop\projects\momoplugin\bin\intermediate\x64-release\xnlib\xnwin32sharedlibrary.obj
c:\users\arvind\desktop\projects\momoplugin\bin\intermediate\x64-release\xnlib\xndumpfilewriter.obj
c:\users\arvind\desktop\projects\momoplugin\bin\intermediate\x64-release\xnlib\xnlogfilewriter.obj
c:\users\arvind\desktop\projects\momoplugin\bin\intermediate\x64-release\xnlib\xnthreads.obj
c:\users\arvind\desktop\projects\momoplugin\bin\intermediate\x64-release\xnlib\xnwin32debug.obj
c:\users\arvind\desktop\projects\momoplugin\bin\intermediate\x64-release\xnlib\xnwin32keyboard.obj
c:\users\arvind\desktop\projects\momoplugin\bin\intermediate\x64-release\xnlib\xnfpscalculator.obj
c:\users\arvind\desktop\projects\momoplugin\bin\intermediate\x64-release\xnlib\xnosmemoryprofiling.obj
c:\users\arvind\desktop\projects\momoplugin\bin\intermediate\x64-release\xnlib\xnvector3d.obj
c:\users\arvind\desktop\projects\momoplugin\bin\intermediate\x64-release\xnlib\xnlib.pdb
c:\users\arvind\desktop\projects\momoplugin\x64\release\xnlib.lib
c:\users\arvind\desktop\projects\momoplugin\bin\intermediate\x64-release\xnlib\xnlib.tlog\cl.10816.write.1.tlog
c:\users\arvind\desktop\projects\momoplugin\bin\intermediate\x64-release\xnlib\xnlib.tlog\cl.command.1.tlog
c:\users\arvind\desktop\projects\momoplugin\bin\intermediate\x64-release\xnlib\xnlib.tlog\cl.read.1.tlog
c:\users\arvind\desktop\projects\momoplugin\bin\intermediate\x64-release\xnlib\xnlib.tlog\lib-link.read.1.tlog
c:\users\arvind\desktop\projects\momoplugin\bin\intermediate\x64-release\xnlib\xnlib.tlog\lib-link.write.1.tlog
c:\users\arvind\desktop\projects\momoplugin\bin\intermediate\x64-release\xnlib\xnlib.tlog\lib.command.1.tlog
