c:\users\arvind\desktop\projects\momoplugin\bin\intermediate\win32-debug\openni\onidriverhandler.obj
c:\users\arvind\desktop\projects\momoplugin\bin\intermediate\win32-debug\openni\onistreamframeholder.obj
c:\users\arvind\desktop\projects\momoplugin\bin\intermediate\win32-debug\openni\xnstreamcompression.obj
c:\users\arvind\desktop\projects\momoplugin\bin\intermediate\win32-debug\openni\onisensor.obj
c:\users\arvind\desktop\projects\momoplugin\bin\intermediate\win32-debug\openni\xncodec.obj
c:\users\arvind\desktop\projects\momoplugin\bin\intermediate\win32-debug\openni\onirecorder.obj
c:\users\arvind\desktop\projects\momoplugin\bin\intermediate\win32-debug\openni\onicontext.obj
c:\users\arvind\desktop\projects\momoplugin\bin\intermediate\win32-debug\openni\onidevice.obj
c:\users\arvind\desktop\projects\momoplugin\bin\intermediate\win32-debug\openni\onidatarecords.obj
c:\users\arvind\desktop\projects\momoplugin\bin\intermediate\win32-debug\openni\onistream.obj
c:\users\arvind\desktop\projects\momoplugin\bin\intermediate\win32-debug\openni\oniframemanager.obj
c:\users\arvind\desktop\projects\momoplugin\bin\intermediate\win32-debug\openni\onisyncedstreamsframeholder.obj
c:\users\arvind\desktop\projects\momoplugin\bin\intermediate\win32-debug\openni\onidevicedriver.obj
c:\users\arvind\desktop\projects\momoplugin\bin\intermediate\win32-debug\openni\openni.obj
c:\users\arvind\desktop\projects\momoplugin\bin\intermediate\win32-debug\openni\jccoefct.obj
c:\users\arvind\desktop\projects\momoplugin\bin\intermediate\win32-debug\openni\jcparam.obj
c:\users\arvind\desktop\projects\momoplugin\bin\intermediate\win32-debug\openni\jdhuff.obj
c:\users\arvind\desktop\projects\momoplugin\bin\intermediate\win32-debug\openni\jdpostct.obj
c:\users\arvind\desktop\projects\momoplugin\bin\intermediate\win32-debug\openni\jidctfst.obj
c:\users\arvind\desktop\projects\momoplugin\bin\intermediate\win32-debug\openni\jcdctmgr.obj
c:\users\arvind\desktop\projects\momoplugin\bin\intermediate\win32-debug\openni\jcmaster.obj
c:\users\arvind\desktop\projects\momoplugin\bin\intermediate\win32-debug\openni\jdatadst.obj
c:\users\arvind\desktop\projects\momoplugin\bin\intermediate\win32-debug\openni\jdmarker.obj
c:\users\arvind\desktop\projects\momoplugin\bin\intermediate\win32-debug\openni\jfdctint.obj
c:\users\arvind\desktop\projects\momoplugin\bin\intermediate\win32-debug\openni\jquant1.obj
c:\users\arvind\desktop\projects\momoplugin\bin\intermediate\win32-debug\openni\jcapimin.obj
c:\users\arvind\desktop\projects\momoplugin\bin\intermediate\win32-debug\openni\jcprepct.obj
c:\users\arvind\desktop\projects\momoplugin\bin\intermediate\win32-debug\openni\jdatasrc.obj
c:\users\arvind\desktop\projects\momoplugin\bin\intermediate\win32-debug\openni\jdmerge.obj
c:\users\arvind\desktop\projects\momoplugin\bin\intermediate\win32-debug\openni\jfdctflt.obj
c:\users\arvind\desktop\projects\momoplugin\bin\intermediate\win32-debug\openni\jmemnobs.obj
c:\users\arvind\desktop\projects\momoplugin\bin\intermediate\win32-debug\openni\jcinit.obj
c:\users\arvind\desktop\projects\momoplugin\bin\intermediate\win32-debug\openni\jcphuff.obj
c:\users\arvind\desktop\projects\momoplugin\bin\intermediate\win32-debug\openni\jdinput.obj
c:\users\arvind\desktop\projects\momoplugin\bin\intermediate\win32-debug\openni\jdsample.obj
c:\users\arvind\desktop\projects\momoplugin\bin\intermediate\win32-debug\openni\jidctint.obj
c:\users\arvind\desktop\projects\momoplugin\bin\intermediate\win32-debug\openni\jcmainct.obj
c:\users\arvind\desktop\projects\momoplugin\bin\intermediate\win32-debug\openni\jcmarker.obj
c:\users\arvind\desktop\projects\momoplugin\bin\intermediate\win32-debug\openni\jdapistd.obj
c:\users\arvind\desktop\projects\momoplugin\bin\intermediate\win32-debug\openni\jdmainct.obj
c:\users\arvind\desktop\projects\momoplugin\bin\intermediate\win32-debug\openni\jfdctfst.obj
c:\users\arvind\desktop\projects\momoplugin\bin\intermediate\win32-debug\openni\jutils.obj
c:\users\arvind\desktop\projects\momoplugin\bin\intermediate\win32-debug\openni\jcapistd.obj
c:\users\arvind\desktop\projects\momoplugin\bin\intermediate\win32-debug\openni\jctrans.obj
c:\users\arvind\desktop\projects\momoplugin\bin\intermediate\win32-debug\openni\jdcolor.obj
c:\users\arvind\desktop\projects\momoplugin\bin\intermediate\win32-debug\openni\jdmaster.obj
c:\users\arvind\desktop\projects\momoplugin\bin\intermediate\win32-debug\openni\jerror.obj
c:\users\arvind\desktop\projects\momoplugin\bin\intermediate\win32-debug\openni\jmemmgr.obj
c:\users\arvind\desktop\projects\momoplugin\bin\intermediate\win32-debug\openni\jchuff.obj
c:\users\arvind\desktop\projects\momoplugin\bin\intermediate\win32-debug\openni\jcsample.obj
c:\users\arvind\desktop\projects\momoplugin\bin\intermediate\win32-debug\openni\jdcoefct.obj
c:\users\arvind\desktop\projects\momoplugin\bin\intermediate\win32-debug\openni\jdtrans.obj
c:\users\arvind\desktop\projects\momoplugin\bin\intermediate\win32-debug\openni\jidctred.obj
c:\users\arvind\desktop\projects\momoplugin\bin\intermediate\win32-debug\openni\jccolor.obj
c:\users\arvind\desktop\projects\momoplugin\bin\intermediate\win32-debug\openni\jcomapi.obj
c:\users\arvind\desktop\projects\momoplugin\bin\intermediate\win32-debug\openni\jdapimin.obj
c:\users\arvind\desktop\projects\momoplugin\bin\intermediate\win32-debug\openni\jddctmgr.obj
c:\users\arvind\desktop\projects\momoplugin\bin\intermediate\win32-debug\openni\jdphuff.obj
c:\users\arvind\desktop\projects\momoplugin\bin\intermediate\win32-debug\openni\jidctflt.obj
c:\users\arvind\desktop\projects\momoplugin\bin\intermediate\win32-debug\openni\jquant2.obj
c:\users\arvind\desktop\projects\momoplugin\bin\intermediate\win32-debug\openni\vc141.pdb
c:\users\arvind\desktop\projects\momoplugin\bin\win32-debug\openni2.ilk
c:\users\arvind\desktop\projects\momoplugin\bin\win32-debug\openni2.dll
c:\users\arvind\desktop\projects\momoplugin\bin\win32-debug\openni2.pdb
c:\users\arvind\desktop\projects\momoplugin\bin\win32-debug\openni2.lib
c:\users\arvind\desktop\projects\momoplugin\bin\win32-debug\openni2.exp
c:\users\arvind\desktop\projects\momoplugin\bin\intermediate\win32-debug\openni\openni.res
c:\users\arvind\desktop\projects\momoplugin\bin\intermediate\win32-debug\openni\openni.tlog\cl.10188.write.1.tlog
c:\users\arvind\desktop\projects\momoplugin\bin\intermediate\win32-debug\openni\openni.tlog\cl.command.1.tlog
c:\users\arvind\desktop\projects\momoplugin\bin\intermediate\win32-debug\openni\openni.tlog\cl.read.1.tlog
c:\users\arvind\desktop\projects\momoplugin\bin\intermediate\win32-debug\openni\openni.tlog\link.command.1.tlog
c:\users\arvind\desktop\projects\momoplugin\bin\intermediate\win32-debug\openni\openni.tlog\link.read.1.tlog
c:\users\arvind\desktop\projects\momoplugin\bin\intermediate\win32-debug\openni\openni.tlog\link.write.1.tlog
c:\users\arvind\desktop\projects\momoplugin\bin\intermediate\win32-debug\openni\openni.tlog\openni.write.1u.tlog
c:\users\arvind\desktop\projects\momoplugin\bin\intermediate\win32-debug\openni\openni.tlog\rc.command.1.tlog
c:\users\arvind\desktop\projects\momoplugin\bin\intermediate\win32-debug\openni\openni.tlog\rc.read.1.tlog
c:\users\arvind\desktop\projects\momoplugin\bin\intermediate\win32-debug\openni\openni.tlog\rc.write.1.tlog
