c:\users\arvind\desktop\projects\momoplugin\bin\intermediate\x64-debug\xnlib\xnusbwin32.obj
c:\users\arvind\desktop\projects\momoplugin\bin\intermediate\x64-debug\xnlib\xnwin32mutex.obj
c:\users\arvind\desktop\projects\momoplugin\bin\intermediate\x64-debug\xnlib\xnwin32strings.obj
c:\users\arvind\desktop\projects\momoplugin\bin\intermediate\x64-debug\xnlib\xnosmemoryprofiling.obj
c:\users\arvind\desktop\projects\momoplugin\bin\intermediate\x64-debug\xnlib\xnthreads.obj
c:\users\arvind\desktop\projects\momoplugin\bin\intermediate\x64-debug\xnlib\xnwin32ini.obj
c:\users\arvind\desktop\projects\momoplugin\bin\intermediate\x64-debug\xnlib\xnwin32semaphore.obj
c:\users\arvind\desktop\projects\momoplugin\bin\intermediate\x64-debug\xnlib\xnwin32threads.obj
c:\users\arvind\desktop\projects\momoplugin\bin\intermediate\x64-debug\xnlib\xnlog.obj
c:\users\arvind\desktop\projects\momoplugin\bin\intermediate\x64-debug\xnlib\xnvector3d.obj
c:\users\arvind\desktop\projects\momoplugin\bin\intermediate\x64-debug\xnlib\xnlib.obj
c:\users\arvind\desktop\projects\momoplugin\bin\intermediate\x64-debug\xnlib\xnwin32memory.obj
c:\users\arvind\desktop\projects\momoplugin\bin\intermediate\x64-debug\xnlib\xndump.obj
c:\users\arvind\desktop\projects\momoplugin\bin\intermediate\x64-debug\xnlib\xnstatus.obj
c:\users\arvind\desktop\projects\momoplugin\bin\intermediate\x64-debug\xnlib\xnwin32debug.obj
c:\users\arvind\desktop\projects\momoplugin\bin\intermediate\x64-debug\xnlib\xnwin32os.obj
c:\users\arvind\desktop\projects\momoplugin\bin\intermediate\x64-debug\xnlib\xnfpscalculator.obj
c:\users\arvind\desktop\projects\momoplugin\bin\intermediate\x64-debug\xnlib\xnscheduler.obj
c:\users\arvind\desktop\projects\momoplugin\bin\intermediate\x64-debug\xnlib\xnerrorlogger.obj
c:\users\arvind\desktop\projects\momoplugin\bin\intermediate\x64-debug\xnlib\xnwin32sharedlibrary.obj
c:\users\arvind\desktop\projects\momoplugin\bin\intermediate\x64-debug\xnlib\xnfiles.obj
c:\users\arvind\desktop\projects\momoplugin\bin\intermediate\x64-debug\xnlib\xnprofiling.obj
c:\users\arvind\desktop\projects\momoplugin\bin\intermediate\x64-debug\xnlib\xnusb.obj
c:\users\arvind\desktop\projects\momoplugin\bin\intermediate\x64-debug\xnlib\xnwin32criticalsection.obj
c:\users\arvind\desktop\projects\momoplugin\bin\intermediate\x64-debug\xnlib\xnwin32processes.obj
c:\users\arvind\desktop\projects\momoplugin\bin\intermediate\x64-debug\xnlib\xnwin32sharedmemory.obj
c:\users\arvind\desktop\projects\momoplugin\bin\intermediate\x64-debug\xnlib\xnlogfilewriter.obj
c:\users\arvind\desktop\projects\momoplugin\bin\intermediate\x64-debug\xnlib\xnwin32files.obj
c:\users\arvind\desktop\projects\momoplugin\bin\intermediate\x64-debug\xnlib\xnwin32network.obj
c:\users\arvind\desktop\projects\momoplugin\bin\intermediate\x64-debug\xnlib\xndumpfilewriter.obj
c:\users\arvind\desktop\projects\momoplugin\bin\intermediate\x64-debug\xnlib\xnlogconsolewriter.obj
c:\users\arvind\desktop\projects\momoplugin\bin\intermediate\x64-debug\xnlib\xnstrings.obj
c:\users\arvind\desktop\projects\momoplugin\bin\intermediate\x64-debug\xnlib\xnwin32events.obj
c:\users\arvind\desktop\projects\momoplugin\bin\intermediate\x64-debug\xnlib\xnwin32keyboard.obj
c:\users\arvind\desktop\projects\momoplugin\bin\intermediate\x64-debug\xnlib\xnwin32time.obj
c:\users\arvind\desktop\projects\momoplugin\bin\intermediate\x64-debug\xnlib\xnos.obj
c:\users\arvind\desktop\projects\momoplugin\bin\intermediate\x64-debug\xnlib\xnsytmmetricmatrix3x3.obj
c:\users\arvind\desktop\projects\momoplugin\bin\intermediate\x64-debug\xnlib\xnlib.pdb
c:\users\arvind\desktop\projects\momoplugin\bin\x64-debug\xnlib.lib
c:\users\arvind\desktop\projects\momoplugin\bin\intermediate\x64-debug\xnlib\xnlib.idb
c:\users\arvind\desktop\projects\momoplugin\bin\x64-debug\xnlib.pdb
c:\users\arvind\desktop\projects\momoplugin\bin\intermediate\x64-debug\xnlib\xnlib.tlog\cl.16472.write.1.tlog
c:\users\arvind\desktop\projects\momoplugin\bin\intermediate\x64-debug\xnlib\xnlib.tlog\cl.command.1.tlog
c:\users\arvind\desktop\projects\momoplugin\bin\intermediate\x64-debug\xnlib\xnlib.tlog\cl.read.1.tlog
c:\users\arvind\desktop\projects\momoplugin\bin\intermediate\x64-debug\xnlib\xnlib.tlog\lib-link.read.1.tlog
c:\users\arvind\desktop\projects\momoplugin\bin\intermediate\x64-debug\xnlib\xnlib.tlog\lib-link.write.1.tlog
c:\users\arvind\desktop\projects\momoplugin\bin\intermediate\x64-debug\xnlib\xnlib.tlog\lib.command.1.tlog
