c:\users\arvind\desktop\projects\momoplugin\bin\intermediate\x64-release\openni\onidriverhandler.obj
c:\users\arvind\desktop\projects\momoplugin\bin\intermediate\x64-release\openni\onistream.obj
c:\users\arvind\desktop\projects\momoplugin\bin\intermediate\x64-release\openni\onidatarecords.obj
c:\users\arvind\desktop\projects\momoplugin\bin\intermediate\x64-release\openni\onisyncedstreamsframeholder.obj
c:\users\arvind\desktop\projects\momoplugin\bin\intermediate\x64-release\openni\onicontext.obj
c:\users\arvind\desktop\projects\momoplugin\bin\intermediate\x64-release\openni\onistreamframeholder.obj
c:\users\arvind\desktop\projects\momoplugin\bin\intermediate\x64-release\openni\xncodec.obj
c:\users\arvind\desktop\projects\momoplugin\bin\intermediate\x64-release\openni\onirecorder.obj
c:\users\arvind\desktop\projects\momoplugin\bin\intermediate\x64-release\openni\onidevice.obj
c:\users\arvind\desktop\projects\momoplugin\bin\intermediate\x64-release\openni\onidevicedriver.obj
c:\users\arvind\desktop\projects\momoplugin\bin\intermediate\x64-release\openni\openni.obj
c:\users\arvind\desktop\projects\momoplugin\bin\intermediate\x64-release\openni\xnstreamcompression.obj
c:\users\arvind\desktop\projects\momoplugin\bin\intermediate\x64-release\openni\onisensor.obj
c:\users\arvind\desktop\projects\momoplugin\bin\intermediate\x64-release\openni\oniframemanager.obj
c:\users\arvind\desktop\projects\momoplugin\bin\intermediate\x64-release\openni\jccolor.obj
c:\users\arvind\desktop\projects\momoplugin\bin\intermediate\x64-release\openni\jcsample.obj
c:\users\arvind\desktop\projects\momoplugin\bin\intermediate\x64-release\openni\jddctmgr.obj
c:\users\arvind\desktop\projects\momoplugin\bin\intermediate\x64-release\openni\jdphuff.obj
c:\users\arvind\desktop\projects\momoplugin\bin\intermediate\x64-release\openni\jidctfst.obj
c:\users\arvind\desktop\projects\momoplugin\bin\intermediate\x64-release\openni\jquant2.obj
c:\users\arvind\desktop\projects\momoplugin\bin\intermediate\x64-release\openni\jchuff.obj
c:\users\arvind\desktop\projects\momoplugin\bin\intermediate\x64-release\openni\jctrans.obj
c:\users\arvind\desktop\projects\momoplugin\bin\intermediate\x64-release\openni\jdhuff.obj
c:\users\arvind\desktop\projects\momoplugin\bin\intermediate\x64-release\openni\jdsample.obj
c:\users\arvind\desktop\projects\momoplugin\bin\intermediate\x64-release\openni\jidctint.obj
c:\users\arvind\desktop\projects\momoplugin\bin\intermediate\x64-release\openni\jccoefct.obj
c:\users\arvind\desktop\projects\momoplugin\bin\intermediate\x64-release\openni\jcomapi.obj
c:\users\arvind\desktop\projects\momoplugin\bin\intermediate\x64-release\openni\jdapistd.obj
c:\users\arvind\desktop\projects\momoplugin\bin\intermediate\x64-release\openni\jdmerge.obj
c:\users\arvind\desktop\projects\momoplugin\bin\intermediate\x64-release\openni\jfdctflt.obj
c:\users\arvind\desktop\projects\momoplugin\bin\intermediate\x64-release\openni\jmemmgr.obj
c:\users\arvind\desktop\projects\momoplugin\bin\intermediate\x64-release\openni\jcmainct.obj
c:\users\arvind\desktop\projects\momoplugin\bin\intermediate\x64-release\openni\jcprepct.obj
c:\users\arvind\desktop\projects\momoplugin\bin\intermediate\x64-release\openni\jdcoefct.obj
c:\users\arvind\desktop\projects\momoplugin\bin\intermediate\x64-release\openni\jdmaster.obj
c:\users\arvind\desktop\projects\momoplugin\bin\intermediate\x64-release\openni\jerror.obj
c:\users\arvind\desktop\projects\momoplugin\bin\intermediate\x64-release\openni\jmemnobs.obj
c:\users\arvind\desktop\projects\momoplugin\bin\intermediate\x64-release\openni\jcdctmgr.obj
c:\users\arvind\desktop\projects\momoplugin\bin\intermediate\x64-release\openni\jcphuff.obj
c:\users\arvind\desktop\projects\momoplugin\bin\intermediate\x64-release\openni\jdatasrc.obj
c:\users\arvind\desktop\projects\momoplugin\bin\intermediate\x64-release\openni\jdmarker.obj
c:\users\arvind\desktop\projects\momoplugin\bin\intermediate\x64-release\openni\jfdctfst.obj
c:\users\arvind\desktop\projects\momoplugin\bin\intermediate\x64-release\openni\jutils.obj
c:\users\arvind\desktop\projects\momoplugin\bin\intermediate\x64-release\openni\jcapistd.obj
c:\users\arvind\desktop\projects\momoplugin\bin\intermediate\x64-release\openni\jcmarker.obj
c:\users\arvind\desktop\projects\momoplugin\bin\intermediate\x64-release\openni\jdapimin.obj
c:\users\arvind\desktop\projects\momoplugin\bin\intermediate\x64-release\openni\jdinput.obj
c:\users\arvind\desktop\projects\momoplugin\bin\intermediate\x64-release\openni\jdtrans.obj
c:\users\arvind\desktop\projects\momoplugin\bin\intermediate\x64-release\openni\jidctred.obj
c:\users\arvind\desktop\projects\momoplugin\bin\intermediate\x64-release\openni\jcapimin.obj
c:\users\arvind\desktop\projects\momoplugin\bin\intermediate\x64-release\openni\jcmaster.obj
c:\users\arvind\desktop\projects\momoplugin\bin\intermediate\x64-release\openni\jdatadst.obj
c:\users\arvind\desktop\projects\momoplugin\bin\intermediate\x64-release\openni\jdmainct.obj
c:\users\arvind\desktop\projects\momoplugin\bin\intermediate\x64-release\openni\jfdctint.obj
c:\users\arvind\desktop\projects\momoplugin\bin\intermediate\x64-release\openni\jcinit.obj
c:\users\arvind\desktop\projects\momoplugin\bin\intermediate\x64-release\openni\jcparam.obj
c:\users\arvind\desktop\projects\momoplugin\bin\intermediate\x64-release\openni\jdcolor.obj
c:\users\arvind\desktop\projects\momoplugin\bin\intermediate\x64-release\openni\jdpostct.obj
c:\users\arvind\desktop\projects\momoplugin\bin\intermediate\x64-release\openni\jidctflt.obj
c:\users\arvind\desktop\projects\momoplugin\bin\intermediate\x64-release\openni\jquant1.obj
c:\users\arvind\desktop\projects\momoplugin\bin\intermediate\x64-release\openni\vc141.pdb
c:\users\arvind\desktop\projects\momoplugin\x64\release\openni2.dll
c:\users\arvind\desktop\projects\momoplugin\x64\release\openni2.pdb
c:\users\arvind\desktop\projects\momoplugin\x64\release\openni2.lib
c:\users\arvind\desktop\projects\momoplugin\x64\release\openni2.exp
c:\users\arvind\desktop\projects\momoplugin\x64\release\openni2.ipdb
c:\users\arvind\desktop\projects\momoplugin\x64\release\openni2.iobj
c:\users\arvind\desktop\projects\momoplugin\bin\intermediate\x64-release\openni\openni.res
c:\users\arvind\desktop\projects\momoplugin\bin\intermediate\x64-release\openni\openni.tlog\cl.10016.write.1.tlog
c:\users\arvind\desktop\projects\momoplugin\bin\intermediate\x64-release\openni\openni.tlog\cl.command.1.tlog
c:\users\arvind\desktop\projects\momoplugin\bin\intermediate\x64-release\openni\openni.tlog\cl.read.1.tlog
c:\users\arvind\desktop\projects\momoplugin\bin\intermediate\x64-release\openni\openni.tlog\link.command.1.tlog
c:\users\arvind\desktop\projects\momoplugin\bin\intermediate\x64-release\openni\openni.tlog\link.read.1.tlog
c:\users\arvind\desktop\projects\momoplugin\bin\intermediate\x64-release\openni\openni.tlog\link.write.1.tlog
c:\users\arvind\desktop\projects\momoplugin\bin\intermediate\x64-release\openni\openni.tlog\openni.write.1u.tlog
c:\users\arvind\desktop\projects\momoplugin\bin\intermediate\x64-release\openni\openni.tlog\rc.command.1.tlog
c:\users\arvind\desktop\projects\momoplugin\bin\intermediate\x64-release\openni\openni.tlog\rc.read.1.tlog
c:\users\arvind\desktop\projects\momoplugin\bin\intermediate\x64-release\openni\openni.tlog\rc.write.1.tlog
