cl : Command line warning D9002: ignoring unknown option '/arch:SSE2'
cl : Command line warning D9002: ignoring unknown option '/arch:SSE2'
  jcapimin.c
cl : Command line warning D9002: ignoring unknown option '/arch:SSE2'
  jcapistd.c
cl : Command line warning D9002: ignoring unknown option '/arch:SSE2'
  jccoefct.c
cl : Command line warning D9002: ignoring unknown option '/arch:SSE2'
  jccolor.c
cl : Command line warning D9002: ignoring unknown option '/arch:SSE2'
  jcdctmgr.c
cl : Command line warning D9002: ignoring unknown option '/arch:SSE2'
  jchuff.c
cl : Command line warning D9002: ignoring unknown option '/arch:SSE2'
  jcinit.c
cl : Command line warning D9002: ignoring unknown option '/arch:SSE2'
  jcmainct.c
  jcmarker.c
  jcmaster.c
  jcomapi.c
  jcparam.c
  jcphuff.c
  jcprepct.c
  jcsample.c
  jctrans.c
  jdapimin.c
  jdapistd.c
  jdatadst.c
  jdatasrc.c
  jdcoefct.c
  jdcolor.c
  jddctmgr.c
  jdhuff.c
  jdinput.c
  jdmainct.c
  jdmarker.c
  jdmaster.c
  jdmerge.c
  jdphuff.c
  jdpostct.c
  jdsample.c
  jdtrans.c
  jerror.c
  jfdctflt.c
  jfdctfst.c
  jfdctint.c
  jidctflt.c
  jidctfst.c
  jidctint.c
  jidctred.c
  jmemmgr.c
  jmemnobs.c
  jquant1.c
  jquant2.c
  jutils.c
cl : Command line warning D9002: ignoring unknown option '/arch:SSE2'
cl : Command line warning D9002: ignoring unknown option '/arch:SSE2'
  XnCodec.cpp
cl : Command line warning D9002: ignoring unknown option '/arch:SSE2'
  XnStreamCompression.cpp
cl : Command line warning D9002: ignoring unknown option '/arch:SSE2'
  OniDataRecords.cpp
cl : Command line warning D9002: ignoring unknown option '/arch:SSE2'
  OniDriverHandler.cpp
cl : Command line warning D9002: ignoring unknown option '/arch:SSE2'
  OniContext.cpp
cl : Command line warning D9002: ignoring unknown option '/arch:SSE2'
  OniDevice.cpp
cl : Command line warning D9002: ignoring unknown option '/arch:SSE2'
cl : Command line warning D9002: ignoring unknown option '/arch:SSE2'
  OniDeviceDriver.cpp
  OniFrameManager.cpp
  OniRecorder.cpp
  OniSensor.cpp
  OniSyncedStreamsFrameHolder.cpp
c:\users\arvind\desktop\projects\openni2\source\core\onicontext.cpp(423): warning C4456: declaration of 'iter' hides previous local declaration
  c:\users\arvind\desktop\projects\openni2\source\core\onicontext.cpp(419): note: see declaration of 'iter'
c:\users\arvind\desktop\projects\openni2\source\core\onidevice.cpp(150): warning C4456: declaration of 'lock' hides previous local declaration
  c:\users\arvind\desktop\projects\openni2\source\core\onidevice.cpp(137): note: see declaration of 'lock'
  OniStream.cpp
  OniStreamFrameHolder.cpp
  OpenNI.cpp
c:\users\arvind\desktop\projects\openni2\source\core\onirecorder.cpp(626): warning C4463: overflow; assigning 1 to bit-field that can only hold values from -1 to 0
c:\users\arvind\desktop\projects\openni2\source\core\onirecorder.cpp(627): warning C4463: overflow; assigning 1 to bit-field that can only hold values from -1 to 0
c:\users\arvind\desktop\projects\openni2\source\core\onirecorder.cpp(628): warning C4463: overflow; assigning 1 to bit-field that can only hold values from -1 to 0
c:\users\arvind\desktop\projects\openni2\source\core\onirecorder.cpp(629): warning C4463: overflow; assigning 1 to bit-field that can only hold values from -1 to 0
c:\users\arvind\desktop\projects\openni2\source\core\onirecorder.cpp(630): warning C4463: overflow; assigning 1 to bit-field that can only hold values from -1 to 0
c:\users\arvind\desktop\projects\openni2\source\core\onistream.cpp(439): warning C4244: '=': conversion from 'double' to 'float', possible loss of data
c:\users\arvind\desktop\projects\openni2\source\core\onistream.cpp(440): warning C4244: '=': conversion from 'double' to 'float', possible loss of data
     Creating library C:\Users\Arvind\Desktop\Projects\MOMOPlugin\Bin\x64-Release\OpenNI2.lib and object C:\Users\Arvind\Desktop\Projects\MOMOPlugin\Bin\x64-Release\OpenNI2.exp
  Generating code
  All 2067 functions were compiled because no usable IPDB/IOBJ from previous compilation was found.
  Finished generating code
  OpenNI.vcxproj -> C:\Users\Arvind\Desktop\Projects\MOMOPlugin\Bin\x64-Release\OpenNI2.dll
